<?xml version="1.0" encoding="UTF-8"?>
<!-- Generated by org.testng.reporters.JUnitReportReporter -->
<testsuite skipped="0" hostname="DESKTOP-RG00TM9" name="com.demo.test.JiraWSTest" tests="1" failures="0" timestamp="18 May 2018 21:03:29 GMT" time="2.802" errors="0">
  <testcase name="TC_02_AssignIssueTest" time="2.802" classname="com.demo.test.JiraWSTest"/>
</testsuite> <!-- com.demo.test.JiraWSTest -->
