<?xml version="1.0" encoding="UTF-8"?>
<!-- Generated by org.testng.reporters.JUnitReportReporter -->
<testsuite skipped="0" hostname="DESKTOP-RG00TM9" name="com.demo.test.JiraWSTest" tests="1" failures="0" timestamp="19 May 2018 10:03:54 GMT" time="7.006" errors="0">
  <testcase name="TC_01_CreateIssueTest" time="7.006" classname="com.demo.test.JiraWSTest"/>
</testsuite> <!-- com.demo.test.JiraWSTest -->
